INFO  time: initialize in 1.67s
WARN  no build tool detected in workspace '/Users/gog/playground/workdocs/21re-finch/src/main/scala/challenge/21refinch'. The most common cause for this problem is that the editor was opened in the wrong working directory, for example if you use sbt then the workspace directory should contain build.sbt. 
INFO  Selected port 5031
Jan 11, 2020 8:36:17 PM org.xnio.Xnio <clinit>
INFO: XNIO version 3.6.5.Final
Jan 11, 2020 8:36:17 PM org.xnio.nio.NioXnio <clinit>
INFO: XNIO NIO Implementation Version 3.6.5.Final
WARN  no build target: /Users/gog/playground/workdocs/21re-finch/src/main/scala/challenge/21refinch/Main.scala
Jan 11, 2020 8:36:18 PM org.jboss.threads.Version <clinit>
INFO: JBoss Threads version 2.3.0.Beta2
INFO  Started Metals http server at http://127.0.0.1:5031
INFO  time: initialize in 2.31s
INFO  time: initialize in 2.88s
WARN  no build tool detected in workspace '/Users/gog/playground/workdocs/21re-finch/src/main/scala/challenge/21refinch'. The most common cause for this problem is that the editor was opened in the wrong working directory, for example if you use sbt then the workspace directory should contain build.sbt. 
INFO  Selected port 5031
Jan 11, 2020 10:23:14 PM org.xnio.Xnio <clinit>
INFO: XNIO version 3.6.5.Final
Jan 11, 2020 10:23:14 PM org.xnio.nio.NioXnio <clinit>
INFO: XNIO NIO Implementation Version 3.6.5.Final
Jan 11, 2020 10:23:14 PM org.jboss.threads.Version <clinit>
INFO: JBoss Threads version 2.3.0.Beta2
INFO  Started Metals http server at http://127.0.0.1:5031
WARN  no build target: /Users/gog/playground/workdocs/21re-finch/src/main/scala/challenge/21refinch/Main.scala
